<?xml version="1.0" encoding="UTF-8"?>
<!-- Generated by org.testng.reporters.JUnitReportReporter -->
<testsuite hostname="KALPESH-MBA.local" name="com.browserstack.suite.SuiteTest06" tests="3" failures="0" timestamp="25 Apr 2017 07:27:47 GMT" time="170.448" errors="0">
  <testcase name="test_06" time="97.252" classname="com.browserstack.suite.SuiteTest06"/>
  <testcase name="test_06" time="38.961" classname="com.browserstack.suite.SuiteTest06"/>
  <testcase name="test_06" time="34.235" classname="com.browserstack.suite.SuiteTest06"/>
</testsuite> <!-- com.browserstack.suite.SuiteTest06 -->
