<?xml version="1.0" encoding="UTF-8"?>
<!-- Generated by org.testng.reporters.JUnitReportReporter -->
<testsuite hostname="KALPESH-MBA.local" name="com.browserstack.AppiumAndroidCalculatorReal" tests="4" failures="0" timestamp="1 Aug 2017 09:41:24 GMT" time="211.753" errors="0">
  <testcase name="multiplication" time="85.999" classname="com.browserstack.AppiumAndroidCalculatorReal"/>
  <testcase name="addition" time="42.601" classname="com.browserstack.AppiumAndroidCalculatorReal"/>
  <testcase name="division" time="40.726" classname="com.browserstack.AppiumAndroidCalculatorReal"/>
  <testcase name="subtraction" time="42.427" classname="com.browserstack.AppiumAndroidCalculatorReal"/>
</testsuite> <!-- com.browserstack.AppiumAndroidCalculatorReal -->
