<?xml version="1.0" encoding="UTF-8"?>
<!-- Generated by org.testng.reporters.JUnitReportReporter -->
<testsuite hostname="KALPESH-MBA.local" name="com.browserstack.suite.SuiteTest04" tests="3" failures="0" timestamp="25 Apr 2017 07:27:37 GMT" time="444.060" errors="0">
  <testcase name="test_04" time="21.375" classname="com.browserstack.suite.SuiteTest04"/>
  <testcase name="test_04" time="27.176" classname="com.browserstack.suite.SuiteTest04"/>
  <testcase name="test_04" time="395.509" classname="com.browserstack.suite.SuiteTest04"/>
</testsuite> <!-- com.browserstack.suite.SuiteTest04 -->
