<?xml version="1.0" encoding="UTF-8"?>
<!-- Generated by org.testng.reporters.JUnitReportReporter -->
<testsuite hostname="KALPESH-MBA.local" name="com.browserstack.suite.SuiteTest09" tests="3" failures="0" timestamp="25 Apr 2017 07:28:22 GMT" time="462.219" errors="0">
  <testcase name="test_09" time="41.876" classname="com.browserstack.suite.SuiteTest09"/>
  <testcase name="test_09" time="394.708" classname="com.browserstack.suite.SuiteTest09"/>
  <testcase name="test_09" time="25.635" classname="com.browserstack.suite.SuiteTest09"/>
</testsuite> <!-- com.browserstack.suite.SuiteTest09 -->
