<?xml version="1.0" encoding="UTF-8"?>
<!-- Generated by org.testng.reporters.JUnitReportReporter -->
<testsuite hostname="KALPESH-MBA.local" name="com.browserstack.AppiumIOSTest" tests="1" failures="0" timestamp="31 Jul 2017 12:01:35 GMT" time="86.740" errors="0">
  <testcase name="test1" time="86.740" classname="com.browserstack.AppiumIOSTest"/>
</testsuite> <!-- com.browserstack.AppiumIOSTest -->
