<?xml version="1.0" encoding="UTF-8"?>
<!-- Generated by org.testng.reporters.JUnitReportReporter -->
<testsuite hostname="KALPESH-MBA.local" name="com.browserstack.suite.SuiteTest02" tests="3" failures="0" timestamp="25 Apr 2017 07:28:07 GMT" time="477.559" errors="0">
  <testcase name="test_02" time="35.501" classname="com.browserstack.suite.SuiteTest02"/>
  <testcase name="test_02" time="33.339" classname="com.browserstack.suite.SuiteTest02"/>
  <testcase name="test_02" time="408.719" classname="com.browserstack.suite.SuiteTest02"/>
</testsuite> <!-- com.browserstack.suite.SuiteTest02 -->
