<?xml version="1.0" encoding="UTF-8"?>
<!-- Generated by org.testng.reporters.JUnitReportReporter -->
<testsuite hostname="KALPESH-MBA.local" name="com.browserstack.SingleTest" tests="1" failures="0" timestamp="11 Jul 2017 07:26:47 GMT" time="24.559" errors="0">
  <testcase name="testLogin" time="24.559" classname="com.browserstack.SingleTest"/>
</testsuite> <!-- com.browserstack.SingleTest -->
