<?xml version="1.0" encoding="UTF-8"?>
<!-- Generated by org.testng.reporters.JUnitReportReporter -->
<testsuite hostname="KALPESH-MBA.local" name="com.browserstack.AppiumAndroidCalculatorSim" tests="4" failures="0" timestamp="3 Aug 2017 09:37:07 GMT" time="133.341" errors="0">
  <testcase name="multiplication" time="34.824" classname="com.browserstack.AppiumAndroidCalculatorSim"/>
  <testcase name="addition" time="32.529" classname="com.browserstack.AppiumAndroidCalculatorSim"/>
  <testcase name="division" time="33.434" classname="com.browserstack.AppiumAndroidCalculatorSim"/>
  <testcase name="subtraction" time="32.554" classname="com.browserstack.AppiumAndroidCalculatorSim"/>
</testsuite> <!-- com.browserstack.AppiumAndroidCalculatorSim -->
