<?xml version="1.0" encoding="UTF-8"?>
<!-- Generated by org.testng.reporters.JUnitReportReporter -->
<testsuite hostname="KALPESH-MBA.local" name="com.browserstack.suite.SuiteTest07" tests="3" failures="0" timestamp="25 Apr 2017 07:28:12 GMT" time="150.454" errors="0">
  <testcase name="test_07" time="109.351" classname="com.browserstack.suite.SuiteTest07"/>
  <testcase name="test_07" time="21.793" classname="com.browserstack.suite.SuiteTest07"/>
  <testcase name="test_07" time="19.310" classname="com.browserstack.suite.SuiteTest07"/>
</testsuite> <!-- com.browserstack.suite.SuiteTest07 -->
