<?xml version="1.0" encoding="UTF-8"?>
<!-- Generated by org.testng.reporters.JUnitReportReporter -->
<testsuite hostname="KALPESH-MBA.local" name="com.browserstack.suite.SuiteTest08" tests="3" failures="0" timestamp="25 Apr 2017 07:27:52 GMT" time="141.824" errors="0">
  <testcase name="test_08" time="100.188" classname="com.browserstack.suite.SuiteTest08"/>
  <testcase name="test_08" time="19.428" classname="com.browserstack.suite.SuiteTest08"/>
  <testcase name="test_08" time="22.208" classname="com.browserstack.suite.SuiteTest08"/>
</testsuite> <!-- com.browserstack.suite.SuiteTest08 -->
