<?xml version="1.0" encoding="UTF-8"?>
<!-- Generated by org.testng.reporters.JUnitReportReporter -->
<testsuite hostname="KALPESH-MBA.local" name="com.browserstack.AppiumTest" tests="1" failures="0" timestamp="1 Aug 2017 07:18:13 GMT" time="12.600" errors="0">
  <testcase name="test1" time="12.600" classname="com.browserstack.AppiumTest"/>
</testsuite> <!-- com.browserstack.AppiumTest -->
