<?xml version="1.0" encoding="UTF-8"?>
<!-- Generated by org.testng.reporters.JUnitReportReporter -->
<testsuite hostname="KALPESH-MBA.local" name="com.browserstack.suite.SuiteTest01" tests="3" failures="0" timestamp="25 Apr 2017 07:28:17 GMT" time="162.309" errors="0">
  <testcase name="test_01" time="114.644" classname="com.browserstack.suite.SuiteTest01"/>
  <testcase name="test_01" time="19.993" classname="com.browserstack.suite.SuiteTest01"/>
  <testcase name="test_01" time="27.672" classname="com.browserstack.suite.SuiteTest01"/>
</testsuite> <!-- com.browserstack.suite.SuiteTest01 -->
