<?xml version="1.0" encoding="UTF-8"?>
<!-- Generated by org.testng.reporters.JUnitReportReporter -->
<testsuite hostname="KALPESH-MBA.local" name="com.browserstack.suite.SuiteTest03" tests="3" failures="0" timestamp="25 Apr 2017 07:28:02 GMT" time="171.794" errors="0">
  <testcase name="test_03" time="110.818" classname="com.browserstack.suite.SuiteTest03"/>
  <testcase name="test_03" time="29.880" classname="com.browserstack.suite.SuiteTest03"/>
  <testcase name="test_03" time="31.096" classname="com.browserstack.suite.SuiteTest03"/>
</testsuite> <!-- com.browserstack.suite.SuiteTest03 -->
