<?xml version="1.0" encoding="UTF-8"?>
<!-- Generated by org.testng.reporters.JUnitReportReporter -->
<testsuite hostname="KALPESH-MBA.local" name="com.browserstack.LocalTest" tests="1" failures="0" timestamp="24 Apr 2017 06:26:00 GMT" time="30.442" errors="0">
  <testcase name="test" time="30.442" classname="com.browserstack.LocalTest"/>
</testsuite> <!-- com.browserstack.LocalTest -->
