<?xml version="1.0" encoding="UTF-8"?>
<!-- Generated by org.testng.reporters.JUnitReportReporter -->
<testsuite hostname="KALPESH-MBA.local" name="com.browserstack.AppiumAndroidCalculatorBrowserStack" tests="1" failures="0" timestamp="4 Aug 2017 10:41:07 GMT" time="86.094" errors="1">
  <testcase name="calctests" time="86.094" classname="com.browserstack.AppiumAndroidCalculatorBrowserStack">
    <error type="org.openqa.selenium.NoSuchElementException" message="An element could not be located on the page using the given search parameters. (WARNING: The server did not provide any stacktrace information)
Command duration or timeout: 1.30 seconds
For documentation on this error, please visit: http://seleniumhq.org/exceptions/no_such_element.html
Build info: version: &#039;2.52.0&#039;, revision: &#039;4c2593cfc3689a7fcd7be52549167e5ccc93ad28&#039;, time: &#039;2016-02-11 11:22:43&#039;
System info: host: &#039;KALPESH-MBA.local&#039;, ip: &#039;127.0.0.1&#039;, os.name: &#039;Mac OS X&#039;, os.arch: &#039;x86_64&#039;, os.version: &#039;10.12.3&#039;, java.version: &#039;1.8.0_121&#039;
Driver info: io.appium.java_client.android.AndroidDriver
Capabilities [{browserstack.tunnelIdentifier=, bundleID=com.example.kalpesh.calculator, deviceName=ce051605d027090b05, platform=ANDROID, browserstack.deviceLogs=true, browserstack.video.disableWaterMark=true, desired={browserstack.tunnelIdentifier=, bundleID=com.example.kalpesh.calculator, deviceName=Samsung Galaxy S7, platform=ANDROID, browserstack.deviceLogs=true, browserstack.video.disableWaterMark=true, acceptSslCerts=false, acceptSslCert=false, browserstack.captureCrash=true, platformName=android, udid=ce051605d027090b05, 64bit=false, appium_port=38083, browserstack.debug=true, app=https://browserstack-user-apps.s3.amazonaws.com/a57b15cd6f9b26cbe7e733a16c03bce9921ebd3e/a57b15cd6f9b26cbe7e733a16c03bce9921ebd3e.apk?AWSAccessKeyId=AKIAJHHRKIH3HSNURA6Q&amp;Expires=1509777536&amp;Signature=Sn8WdybeNyWMwZRSNig8PNtDvtA%3D, browserstack.minOSVersion=4.1, browserstack.ie.noFlash=false, os_version=, mobile={&quot;browser&quot;:&quot;mobile&quot;,&quot;version&quot;:&quot;Samsung Galaxy S7-6.0&quot;}, browserstack.useChromeDriver=true, appURL=https://browserstack-user-apps.s3.amazonaws.com/a57b15cd6f9b26cbe7e733a16c03bce9921ebd3e/a57b15cd6f9b26cbe7e733a16c03bce9921ebd3e.apk?AWSAccessKeyId=AKIAJHHRKIH3HSNURA6Q&amp;Expires=1509777536&amp;Signature=Sn8WdybeNyWMwZRSNig8PNtDvtA%3D, version=, browserstack.video=true, orig_os=android, realMobile=true, deviceOrientation=landscape, device=Samsung Galaxy S7, browserstack.callbackStop=true, proxy_type=node}, acceptSslCerts=false, platformVersion=6.0.1, webStorageEnabled=false, acceptSslCert=false, browserName=Android, takesScreenshot=true, javascriptEnabled=true, browserstack.captureCrash=true, platformName=android, udid=ce051605d027090b05, 64bit=false, appium_port=38083, browserstack.debug=true, app=https://browserstack-user-apps.s3.amazonaws.com/a57b15cd6f9b26cbe7e733a16c03bce9921ebd3e/a57b15cd6f9b26cbe7e733a16c03bce9921ebd3e.apk?AWSAccessKeyId=AKIAJHHRKIH3HSNURA6Q&amp;Expires=1509777536&amp;Signature=Sn8WdybeNyWMwZRSNig8PNtDvtA%3D, networkConnectionEnabled=true, browserstack.minOSVersion=4.1, browserstack.ie.noFlash=false, warnings={}, os_version=, mobile={&quot;browser&quot;:&quot;mobile&quot;,&quot;version&quot;:&quot;Samsung Galaxy S7-6.0&quot;}, browserstack.useChromeDriver=true, appURL=https://browserstack-user-apps.s3.amazonaws.com/a57b15cd6f9b26cbe7e733a16c03bce9921ebd3e/a57b15cd6f9b26cbe7e733a16c03bce9921ebd3e.apk?AWSAccessKeyId=AKIAJHHRKIH3HSNURA6Q&amp;Expires=1509777536&amp;Signature=Sn8WdybeNyWMwZRSNig8PNtDvtA%3D, databaseEnabled=false, version=, browserstack.video=true, orig_os=android, realMobile=true, locationContextEnabled=false, deviceOrientation=landscape, device=Samsung Galaxy S7, browserstack.callbackStop=true, proxy_type=node}]
Session ID: f83199c427f772616853490c811f8d6a8200250c
*** Element info: {Using=id, value=com.example.kalpesh.calculator:id/result}">
      <![CDATA[org.openqa.selenium.NoSuchElementException: An element could not be located on the page using the given search parameters. (WARNING: The server did not provide any stacktrace information)
Command duration or timeout: 1.30 seconds
For documentation on this error, please visit: http://seleniumhq.org/exceptions/no_such_element.html
Build info: version: '2.52.0', revision: '4c2593cfc3689a7fcd7be52549167e5ccc93ad28', time: '2016-02-11 11:22:43'
System info: host: 'KALPESH-MBA.local', ip: '127.0.0.1', os.name: 'Mac OS X', os.arch: 'x86_64', os.version: '10.12.3', java.version: '1.8.0_121'
Driver info: io.appium.java_client.android.AndroidDriver
Capabilities [{browserstack.tunnelIdentifier=, bundleID=com.example.kalpesh.calculator, deviceName=ce051605d027090b05, platform=ANDROID, browserstack.deviceLogs=true, browserstack.video.disableWaterMark=true, desired={browserstack.tunnelIdentifier=, bundleID=com.example.kalpesh.calculator, deviceName=Samsung Galaxy S7, platform=ANDROID, browserstack.deviceLogs=true, browserstack.video.disableWaterMark=true, acceptSslCerts=false, acceptSslCert=false, browserstack.captureCrash=true, platformName=android, udid=ce051605d027090b05, 64bit=false, appium_port=38083, browserstack.debug=true, app=https://browserstack-user-apps.s3.amazonaws.com/a57b15cd6f9b26cbe7e733a16c03bce9921ebd3e/a57b15cd6f9b26cbe7e733a16c03bce9921ebd3e.apk?AWSAccessKeyId=AKIAJHHRKIH3HSNURA6Q&Expires=1509777536&Signature=Sn8WdybeNyWMwZRSNig8PNtDvtA%3D, browserstack.minOSVersion=4.1, browserstack.ie.noFlash=false, os_version=, mobile={"browser":"mobile","version":"Samsung Galaxy S7-6.0"}, browserstack.useChromeDriver=true, appURL=https://browserstack-user-apps.s3.amazonaws.com/a57b15cd6f9b26cbe7e733a16c03bce9921ebd3e/a57b15cd6f9b26cbe7e733a16c03bce9921ebd3e.apk?AWSAccessKeyId=AKIAJHHRKIH3HSNURA6Q&Expires=1509777536&Signature=Sn8WdybeNyWMwZRSNig8PNtDvtA%3D, version=, browserstack.video=true, orig_os=android, realMobile=true, deviceOrientation=landscape, device=Samsung Galaxy S7, browserstack.callbackStop=true, proxy_type=node}, acceptSslCerts=false, platformVersion=6.0.1, webStorageEnabled=false, acceptSslCert=false, browserName=Android, takesScreenshot=true, javascriptEnabled=true, browserstack.captureCrash=true, platformName=android, udid=ce051605d027090b05, 64bit=false, appium_port=38083, browserstack.debug=true, app=https://browserstack-user-apps.s3.amazonaws.com/a57b15cd6f9b26cbe7e733a16c03bce9921ebd3e/a57b15cd6f9b26cbe7e733a16c03bce9921ebd3e.apk?AWSAccessKeyId=AKIAJHHRKIH3HSNURA6Q&Expires=1509777536&Signature=Sn8WdybeNyWMwZRSNig8PNtDvtA%3D, networkConnectionEnabled=true, browserstack.minOSVersion=4.1, browserstack.ie.noFlash=false, warnings={}, os_version=, mobile={"browser":"mobile","version":"Samsung Galaxy S7-6.0"}, browserstack.useChromeDriver=true, appURL=https://browserstack-user-apps.s3.amazonaws.com/a57b15cd6f9b26cbe7e733a16c03bce9921ebd3e/a57b15cd6f9b26cbe7e733a16c03bce9921ebd3e.apk?AWSAccessKeyId=AKIAJHHRKIH3HSNURA6Q&Expires=1509777536&Signature=Sn8WdybeNyWMwZRSNig8PNtDvtA%3D, databaseEnabled=false, version=, browserstack.video=true, orig_os=android, realMobile=true, locationContextEnabled=false, deviceOrientation=landscape, device=Samsung Galaxy S7, browserstack.callbackStop=true, proxy_type=node}]
Session ID: f83199c427f772616853490c811f8d6a8200250c
*** Element info: {Using=id, value=com.example.kalpesh.calculator:id/result}
	at sun.reflect.NativeConstructorAccessorImpl.newInstance0(Native Method)
	at sun.reflect.NativeConstructorAccessorImpl.newInstance(NativeConstructorAccessorImpl.java:62)
	at sun.reflect.DelegatingConstructorAccessorImpl.newInstance(DelegatingConstructorAccessorImpl.java:45)
	at java.lang.reflect.Constructor.newInstance(Constructor.java:423)
	at org.openqa.selenium.remote.ErrorHandler.createThrowable(ErrorHandler.java:206)
	at org.openqa.selenium.remote.ErrorHandler.throwIfResponseFailed(ErrorHandler.java:158)
	at org.openqa.selenium.remote.RemoteWebDriver.execute(RemoteWebDriver.java:678)
	at io.appium.java_client.AppiumDriver.execute(AppiumDriver.java:180)
	at org.openqa.selenium.remote.RemoteWebDriver.findElement(RemoteWebDriver.java:363)
	at org.openqa.selenium.remote.RemoteWebDriver.findElementById(RemoteWebDriver.java:413)
	at org.openqa.selenium.By$ById.findElement(By.java:218)
	at org.openqa.selenium.remote.RemoteWebDriver.findElement(RemoteWebDriver.java:355)
	at com.browserstack.AppiumAndroidCalculatorBrowserStack.calctests(AppiumAndroidCalculatorBrowserStack.java:88)
	at sun.reflect.NativeMethodAccessorImpl.invoke0(Native Method)
	at sun.reflect.NativeMethodAccessorImpl.invoke(NativeMethodAccessorImpl.java:62)
	at sun.reflect.DelegatingMethodAccessorImpl.invoke(DelegatingMethodAccessorImpl.java:43)
	at java.lang.reflect.Method.invoke(Method.java:498)
	at org.testng.internal.MethodInvocationHelper.invokeMethod(MethodInvocationHelper.java:86)
	at org.testng.internal.Invoker.invokeMethod(Invoker.java:643)
	at org.testng.internal.Invoker.invokeTestMethod(Invoker.java:820)
	at org.testng.internal.Invoker.invokeTestMethods(Invoker.java:1128)
	at org.testng.internal.TestMethodWorker.invokeTestMethods(TestMethodWorker.java:129)
	at org.testng.internal.TestMethodWorker.run(TestMethodWorker.java:112)
	at org.testng.TestRunner.privateRun(TestRunner.java:782)
	at org.testng.TestRunner.run(TestRunner.java:632)
	at org.testng.SuiteRunner.runTest(SuiteRunner.java:366)
	at org.testng.SuiteRunner.runSequentially(SuiteRunner.java:361)
	at org.testng.SuiteRunner.privateRun(SuiteRunner.java:319)
	at org.testng.SuiteRunner.run(SuiteRunner.java:268)
	at org.testng.SuiteRunnerWorker.runSuite(SuiteRunnerWorker.java:52)
	at org.testng.SuiteRunnerWorker.run(SuiteRunnerWorker.java:86)
	at org.testng.TestNG.runSuitesSequentially(TestNG.java:1244)
	at org.testng.TestNG.runSuitesLocally(TestNG.java:1169)
	at org.testng.TestNG.run(TestNG.java:1064)
	at org.testng.remote.AbstractRemoteTestNG.run(AbstractRemoteTestNG.java:132)
	at org.testng.remote.RemoteTestNG.initAndRun(RemoteTestNG.java:230)
	at org.testng.remote.RemoteTestNG.main(RemoteTestNG.java:76)
]]>
    </error>
  </testcase> <!-- calctests -->
</testsuite> <!-- com.browserstack.AppiumAndroidCalculatorBrowserStack -->
