<?xml version="1.0" encoding="UTF-8"?>
<!-- Generated by org.testng.reporters.JUnitReportReporter -->
<testsuite hostname="KALPESH-MBA.local" name="com.browserstack.suite.SuiteTest05" tests="3" failures="0" timestamp="25 Apr 2017 07:27:57 GMT" time="167.895" errors="0">
  <testcase name="test_05" time="33.018" classname="com.browserstack.suite.SuiteTest05"/>
  <testcase name="test_05" time="30.839" classname="com.browserstack.suite.SuiteTest05"/>
  <testcase name="test_05" time="104.038" classname="com.browserstack.suite.SuiteTest05"/>
</testsuite> <!-- com.browserstack.suite.SuiteTest05 -->
